Using pre-set license
Built from '2020.3/staging' branch; Version is '2020.3.45f1 (660cd1701bd5) revision 6687953'; Using compiler version '192528614'; Build Type 'Release'
OS: 'Windows 11  (10.0.22621) 64bit Professional' Language: 'es' Physical Memory: 23967 MB
BatchMode: 1, IsHumanControllingUs: 0, StartBugReporterOnCrash: 0, Is64bit: 1, IsPro: 0

COMMAND LINE ARGUMENTS:
C:\Program Files\Unity\Hub\Editor\2020.3.45f1\Editor\Unity.exe
-adb2
-batchMode
-noUpm
-name
AssetImportWorker0
-projectPath
C:/Users/roghe/VR/Practicas-Oculus-TSIC3/316170040-PracticasTSIC3-Oculus
-logFile
Logs/AssetImportWorker0.log
-srvPort
64143
Successfully changed project path to: C:/Users/roghe/VR/Practicas-Oculus-TSIC3/316170040-PracticasTSIC3-Oculus
C:/Users/roghe/VR/Practicas-Oculus-TSIC3/316170040-PracticasTSIC3-Oculus
Using Asset Import Pipeline V2.
Player connection [3324] Host "[IP] 192.168.1.119 [Port] 1342212320 [Flags] 2 [Guid] 2100741082 [EditorId] 2100741082 [Version] 1048832 [Id] WindowsEditor(7,roghe) [Debug] 1 [PackageName] WindowsEditor [ProjectName] Editor" joined multi-casting on [225.0.0.222:54997]...

Player connection [3324] Host "[IP] 192.168.1.119 [Port] 1342212320 [Flags] 2 [Guid] 2100741082 [EditorId] 2100741082 [Version] 1048832 [Id] WindowsEditor(7,roghe) [Debug] 1 [PackageName] WindowsEditor [ProjectName] Editor" joined alternative multi-casting on [225.0.0.222:34997]...

Refreshing native plugins compatible for Editor in 115.05 ms, found 7 plugins.
Preloading 1 native plugins for Editor in 0.56 ms.
Initialize engine version: 2020.3.45f1 (660cd1701bd5)
[Subsystems] Discovering subsystems at path C:/Program Files/Unity/Hub/Editor/2020.3.45f1/Editor/Data/Resources/UnitySubsystems
[Subsystems] Discovering subsystems at path C:/Users/roghe/VR/Practicas-Oculus-TSIC3/316170040-PracticasTSIC3-Oculus/Assets
GfxDevice: creating device client; threaded=0
Direct3D:
    Version:  Direct3D 11.0 [level 11.1]
    Renderer: NVIDIA GeForce RTX 3050 Laptop GPU (ID=0x25a2)
    Vendor:   
    VRAM:     3977 MB
    Driver:   31.0.15.3598
Shader 'Oculus/OVRMRCameraFrameLit': fallback shader 'Alpha-Diffuse' not found
Initialize mono
Mono path[0] = 'C:/Program Files/Unity/Hub/Editor/2020.3.45f1/Editor/Data/Managed'
Mono path[1] = 'C:/Program Files/Unity/Hub/Editor/2020.3.45f1/Editor/Data/MonoBleedingEdge/lib/mono/unityjit'
Mono config path = 'C:/Program Files/Unity/Hub/Editor/2020.3.45f1/Editor/Data/MonoBleedingEdge/etc'
Using monoOptions --debugger-agent=transport=dt_socket,embedding=1,server=y,suspend=n,address=127.0.0.1:56604
Begin MonoManager ReloadAssembly
Registering precompiled unity dll's ...
Register platform support module: C:/Program Files/Unity/Hub/Editor/2020.3.45f1/Editor/Data/PlaybackEngines/WindowsStandaloneSupport/UnityEditor.WindowsStandalone.Extensions.dll
Registered in 0.002109 seconds.
Native extension for WindowsStandalone target not found
Refreshing native plugins compatible for Editor in 104.42 ms, found 7 plugins.
Preloading 1 native plugins for Editor in 0.06 ms.
Mono: successfully reloaded assembly
- Completed reload, in  0.645 seconds
Domain Reload Profiling:
	ReloadAssembly (645ms)
		BeginReloadAssembly (76ms)
			ExecutionOrderSort (0ms)
			DisableScriptedObjects (0ms)
			BackupInstance (0ms)
			ReleaseScriptingObjects (0ms)
			CreateAndSetChildDomain (1ms)
		EndReloadAssembly (505ms)
			LoadAssemblies (75ms)
			RebuildTransferFunctionScriptingTraits (0ms)
			SetupTypeCache (148ms)
			ReleaseScriptCaches (0ms)
			RebuildScriptCaches (23ms)
			SetupLoadedEditorAssemblies (229ms)
				LogAssemblyErrors (0ms)
				InitializePlatformSupportModulesInManaged (4ms)
				SetLoadedEditorAssemblies (0ms)
				RefreshPlugins (105ms)
				BeforeProcessingInitializeOnLoad (14ms)
				ProcessInitializeOnLoadAttributes (73ms)
				ProcessInitializeOnLoadMethodAttributes (33ms)
				AfterProcessingInitializeOnLoad (0ms)
				EditorAssembliesLoaded (0ms)
			ExecutionOrderSort2 (0ms)
			AwakeInstancesAfterBackupRestoration (0ms)
Platform modules already initialized, skipping
Registering precompiled user dll's ...
Registered in 0.005263 seconds.
Begin MonoManager ReloadAssembly
Native extension for WindowsStandalone target not found
Refreshing native plugins compatible for Editor in 1.06 ms, found 7 plugins.
Preloading 1 native plugins for Editor in 0.07 ms.
[XR] OculusXRPlugin: registering subsystems
[XR] Unable to register display lifecyle provider: [1]
[XR] Oculus Input lifecycle provider registered.
[XR] Unable to register input lifecyle provider: [1]
[XR] OVRP version 1.85.0
Mono: successfully reloaded assembly
- Completed reload, in  1.229 seconds
Domain Reload Profiling:
	ReloadAssembly (1230ms)
		BeginReloadAssembly (145ms)
			ExecutionOrderSort (0ms)
			DisableScriptedObjects (4ms)
			BackupInstance (0ms)
			ReleaseScriptingObjects (0ms)
			CreateAndSetChildDomain (25ms)
		EndReloadAssembly (1022ms)
			LoadAssemblies (110ms)
			RebuildTransferFunctionScriptingTraits (0ms)
			SetupTypeCache (308ms)
			ReleaseScriptCaches (1ms)
			RebuildScriptCaches (66ms)
			SetupLoadedEditorAssemblies (449ms)
				LogAssemblyErrors (0ms)
				InitializePlatformSupportModulesInManaged (6ms)
				SetLoadedEditorAssemblies (1ms)
				RefreshPlugins (1ms)
				BeforeProcessingInitializeOnLoad (115ms)
				ProcessInitializeOnLoadAttributes (306ms)
				ProcessInitializeOnLoadMethodAttributes (15ms)
				AfterProcessingInitializeOnLoad (5ms)
				EditorAssembliesLoaded (0ms)
			ExecutionOrderSort2 (0ms)
			AwakeInstancesAfterBackupRestoration (2ms)
Platform modules already initialized, skipping
========================================================================
Worker process is ready to serve import requests
Shader 'Oculus/OVRMRCameraFrameLit': fallback shader 'Alpha-Diffuse' not found
Launched and connected shader compiler UnityShaderCompiler.exe after 0.06 seconds
Refreshing native plugins compatible for Editor in 1.11 ms, found 7 plugins.
Preloading 1 native plugins for Editor in 0.06 ms.
Unloading 3398 Unused Serialized files (Serialized files now loaded: 0)
System memory in use before: 146.0 MB.
System memory in use after: 146.1 MB.

Unloading 46 unused Assets to reduce memory usage. Loaded Objects now: 3813.
Total: 3.793600 ms (FindLiveObjects: 0.339300 ms CreateObjectMapping: 0.124000 ms MarkObjects: 3.199100 ms  DeleteObjects: 0.130000 ms)

AssetImportParameters requested are different than current active one (requested -> active):
  custom:framework-win-MediaFoundation: 216162199b28c13a410421893ffa2e32 -> 
  custom:video-decoder-ogg-theora: a1e56fd34408186e4bbccfd4996cb3dc -> 
  custom:container-muxer-webm: aa71ff27fc2769a1b78a27578f13a17b -> 
  custom:container-demuxer-webm: 4f35f7cbe854078d1ac9338744f61a02 -> 
  custom:container-demuxer-ogg: 62fdf1f143b41e24485cea50d1cbac27 -> 
  custom:video-encoder-webm-vp8: eb34c28f22e8b96e1ab97ce403110664 -> 
  custom:video-codec-MediaFoundation-h265: 746d11721c4dcdbdad8f713fa42b33f4 -> 
  custom:video-decoder-webm-vp8: 9c59270c3fd7afecdb556c50c9e8de78 -> 
  custom:audio-decoder-ogg-vorbis: bf7c407c2cedff20999df2af8eb42d56 -> 
  custom:audio-encoder-webm-vorbis: bf7c407c2cedff20999df2af8eb42d56 -> 
========================================================================
Received Import Request.
  path: Assets/Scenes/practica10/Materials/Textures/bark_willow_02_disp_2k.png
  artifactKey: Guid(43b615e20775c764a8b725082137aa3c) Importer(815301076,1909f56bfc062723c751e8b465ee728b)
Start importing Assets/Scenes/practica10/Materials/Textures/bark_willow_02_disp_2k.png using Guid(43b615e20775c764a8b725082137aa3c) Importer(815301076,1909f56bfc062723c751e8b465ee728b)  -> (artifact id: '811ecbac4df899de1d0cbe2d306540f0') in 0.136855 seconds 
========================================================================
Received Import Request.
  Time since last request: 0.000288 seconds.
  path: Assets/Scenes/practica10/Materials/Textures/bark_willow_02_diff_2k.jpg
  artifactKey: Guid(ac2ad8141be760948bf79520c391eea2) Importer(815301076,1909f56bfc062723c751e8b465ee728b)
Start importing Assets/Scenes/practica10/Materials/Textures/bark_willow_02_diff_2k.jpg using Guid(ac2ad8141be760948bf79520c391eea2) Importer(815301076,1909f56bfc062723c751e8b465ee728b)  -> (artifact id: '53255761989181eb0c392d994c37beae') in 0.070862 seconds 
========================================================================
Received Import Request.
  Time since last request: 0.000268 seconds.
  path: Assets/Scenes/practica10/Materials/Textures/bark_willow_02_rough_2k.exr
  artifactKey: Guid(25cfabe482fde094a8e870fd03ec184c) Importer(815301076,1909f56bfc062723c751e8b465ee728b)
Start importing Assets/Scenes/practica10/Materials/Textures/bark_willow_02_rough_2k.exr using Guid(25cfabe482fde094a8e870fd03ec184c) Importer(815301076,1909f56bfc062723c751e8b465ee728b)  -> (artifact id: '1758739e831e4764ddb16f8697413c6a') in 0.098697 seconds 
========================================================================
Received Import Request.
  Time since last request: 0.000187 seconds.
  path: Assets/Scenes/practica10/Materials/Textures/bark_willow_02_nor_gl_2k.exr
  artifactKey: Guid(434a3ebed214cc047a5a3d03020c9ebb) Importer(815301076,1909f56bfc062723c751e8b465ee728b)
Start importing Assets/Scenes/practica10/Materials/Textures/bark_willow_02_nor_gl_2k.exr using Guid(434a3ebed214cc047a5a3d03020c9ebb) Importer(815301076,1909f56bfc062723c751e8b465ee728b)  -> (artifact id: '67e56f39d32ef09168117f24dae118af') in 0.075006 seconds 
========================================================================
Received Import Request.
  Time since last request: 23.108414 seconds.
  path: Assets/Scenes/practica10/Materials/Textures/castle_wall_varriation_diff_2k.jpg
  artifactKey: Guid(a12ea63ef213be049b2305a77740b870) Importer(815301076,1909f56bfc062723c751e8b465ee728b)
Start importing Assets/Scenes/practica10/Materials/Textures/castle_wall_varriation_diff_2k.jpg using Guid(a12ea63ef213be049b2305a77740b870) Importer(815301076,1909f56bfc062723c751e8b465ee728b)  -> (artifact id: '8adac311476e2695c8823bc444be8ea8') in 0.090711 seconds 
========================================================================
Received Import Request.
  Time since last request: 0.000205 seconds.
  path: Assets/Scenes/practica10/Materials/Textures/castle_wall_varriation_nor_gl_2k.exr
  artifactKey: Guid(26a0079061f77054fbfb24efcaf853d7) Importer(815301076,1909f56bfc062723c751e8b465ee728b)
Start importing Assets/Scenes/practica10/Materials/Textures/castle_wall_varriation_nor_gl_2k.exr using Guid(26a0079061f77054fbfb24efcaf853d7) Importer(815301076,1909f56bfc062723c751e8b465ee728b)  -> (artifact id: '127b0226e6fefcad28455a7a47f78f22') in 0.078015 seconds 
========================================================================
Received Import Request.
  Time since last request: 0.000252 seconds.
  path: Assets/Scenes/practica10/Materials/Textures/castle_wall_varriation_disp_2k.png
  artifactKey: Guid(266e0f51a34b44541905fd592f502e6e) Importer(815301076,1909f56bfc062723c751e8b465ee728b)
Start importing Assets/Scenes/practica10/Materials/Textures/castle_wall_varriation_disp_2k.png using Guid(266e0f51a34b44541905fd592f502e6e) Importer(815301076,1909f56bfc062723c751e8b465ee728b)  -> (artifact id: '12c078dab2cee808aac3fefece48cbd0') in 0.080758 seconds 
========================================================================
Received Import Request.
  Time since last request: 0.000318 seconds.
  path: Assets/Scenes/practica10/Materials/Textures/castle_wall_varriation_rough_2k.jpg
  artifactKey: Guid(c7896ecb5e441c349b1ae50a4cb11594) Importer(815301076,1909f56bfc062723c751e8b465ee728b)
Start importing Assets/Scenes/practica10/Materials/Textures/castle_wall_varriation_rough_2k.jpg using Guid(c7896ecb5e441c349b1ae50a4cb11594) Importer(815301076,1909f56bfc062723c751e8b465ee728b)  -> (artifact id: '72ba30222f78a13849f36cd6dfd898da') in 0.053206 seconds 
========================================================================
Received Import Request.
  Time since last request: 28.419802 seconds.
  path: Assets/Scenes/practica10/Materials/Textures/concrete_rock_path_diff_2k.jpg
  artifactKey: Guid(da252fba77c24424099d6ca18ede67b1) Importer(815301076,1909f56bfc062723c751e8b465ee728b)
Start importing Assets/Scenes/practica10/Materials/Textures/concrete_rock_path_diff_2k.jpg using Guid(da252fba77c24424099d6ca18ede67b1) Importer(815301076,1909f56bfc062723c751e8b465ee728b)  -> (artifact id: '2d0495cf0d2d8b1870ecb131f920baca') in 0.083036 seconds 
========================================================================
Received Import Request.
  Time since last request: 0.000515 seconds.
  path: Assets/Scenes/practica10/Materials/Textures/concrete_rock_path_rough_2k.exr
  artifactKey: Guid(3639a3bc6d58fe74192915bcdc26bd12) Importer(815301076,1909f56bfc062723c751e8b465ee728b)
Start importing Assets/Scenes/practica10/Materials/Textures/concrete_rock_path_rough_2k.exr using Guid(3639a3bc6d58fe74192915bcdc26bd12) Importer(815301076,1909f56bfc062723c751e8b465ee728b)  -> (artifact id: 'c30c76cfd1f1d7c8badd76fad0e92fd1') in 0.060695 seconds 
========================================================================
Received Import Request.
  Time since last request: 0.000291 seconds.
  path: Assets/Scenes/practica10/Materials/Textures/concrete_rock_path_nor_gl_2k.exr
  artifactKey: Guid(7fe253c3473ffe24783ce75379b15fac) Importer(815301076,1909f56bfc062723c751e8b465ee728b)
Start importing Assets/Scenes/practica10/Materials/Textures/concrete_rock_path_nor_gl_2k.exr using Guid(7fe253c3473ffe24783ce75379b15fac) Importer(815301076,1909f56bfc062723c751e8b465ee728b)  -> (artifact id: '339dcb9835c066415773fbfd5a7a7c99') in 0.078993 seconds 
========================================================================
Received Import Request.
  Time since last request: 0.000219 seconds.
  path: Assets/Scenes/practica10/Materials/Textures/concrete_rock_path_disp_2k.png
  artifactKey: Guid(e8c527512ffd2a84aa94936f5325cbb9) Importer(815301076,1909f56bfc062723c751e8b465ee728b)
Start importing Assets/Scenes/practica10/Materials/Textures/concrete_rock_path_disp_2k.png using Guid(e8c527512ffd2a84aa94936f5325cbb9) Importer(815301076,1909f56bfc062723c751e8b465ee728b)  -> (artifact id: '57627e6f5919055acde93c98deff0b9d') in 0.060487 seconds 
========================================================================
Received Import Request.
  Time since last request: 31.144925 seconds.
  path: Assets/Scenes/practica10/Materials/Textures/leaves_forest_ground_diff_2k.jpg
  artifactKey: Guid(0ace87e0beceb924fb54fee80080eec9) Importer(815301076,1909f56bfc062723c751e8b465ee728b)
Start importing Assets/Scenes/practica10/Materials/Textures/leaves_forest_ground_diff_2k.jpg using Guid(0ace87e0beceb924fb54fee80080eec9) Importer(815301076,1909f56bfc062723c751e8b465ee728b)  -> (artifact id: '82e1ca7e12ec7f1969cd0d8fda425fb7') in 0.069973 seconds 
========================================================================
Received Import Request.
  Time since last request: 0.000193 seconds.
  path: Assets/Scenes/practica10/Materials/Textures/leaves_forest_ground_rough_2k.exr
  artifactKey: Guid(9e3d02a17bb229c4e978331ee64fde1f) Importer(815301076,1909f56bfc062723c751e8b465ee728b)
Start importing Assets/Scenes/practica10/Materials/Textures/leaves_forest_ground_rough_2k.exr using Guid(9e3d02a17bb229c4e978331ee64fde1f) Importer(815301076,1909f56bfc062723c751e8b465ee728b)  -> (artifact id: '979782e46981c0a07bc82decafa44811') in 0.090456 seconds 
========================================================================
Received Import Request.
  Time since last request: 0.000392 seconds.
  path: Assets/Scenes/practica10/Materials/Textures/leaves_forest_ground_nor_gl_2k.exr
  artifactKey: Guid(822164910e581414c98e00f63471be06) Importer(815301076,1909f56bfc062723c751e8b465ee728b)
Start importing Assets/Scenes/practica10/Materials/Textures/leaves_forest_ground_nor_gl_2k.exr using Guid(822164910e581414c98e00f63471be06) Importer(815301076,1909f56bfc062723c751e8b465ee728b)  -> (artifact id: '738de2c9049651d7c28aa2c7689197d3') in 0.088303 seconds 
========================================================================
Received Import Request.
  Time since last request: 0.000328 seconds.
  path: Assets/Scenes/practica10/Materials/Textures/leaves_forest_ground_disp_2k.png
  artifactKey: Guid(2cac90729f747b04381925fc21797c2e) Importer(815301076,1909f56bfc062723c751e8b465ee728b)
Start importing Assets/Scenes/practica10/Materials/Textures/leaves_forest_ground_disp_2k.png using Guid(2cac90729f747b04381925fc21797c2e) Importer(815301076,1909f56bfc062723c751e8b465ee728b)  -> (artifact id: '236e99b3989fe98cafdb887746e80b64') in 0.071252 seconds 
========================================================================
Received Import Request.
  Time since last request: 3.363204 seconds.
  path: Assets/Scenes/practica10/Materials/Floor.mat
  artifactKey: Guid(ae1ef24460d109842aad9c12aefbae14) Importer(815301076,1909f56bfc062723c751e8b465ee728b)
Start importing Assets/Scenes/practica10/Materials/Floor.mat using Guid(ae1ef24460d109842aad9c12aefbae14) Importer(815301076,1909f56bfc062723c751e8b465ee728b)  -> (artifact id: 'cea3cdb88c0bb5c2f8c7bfac2e25fdca') in 0.076919 seconds 
========================================================================
Received Import Request.
  Time since last request: 0.000345 seconds.
  path: Assets/Scenes/practica10/Materials/Wall.mat
  artifactKey: Guid(2a008b7801ad9044fab691e17f5ef58e) Importer(815301076,1909f56bfc062723c751e8b465ee728b)
Start importing Assets/Scenes/practica10/Materials/Wall.mat using Guid(2a008b7801ad9044fab691e17f5ef58e) Importer(815301076,1909f56bfc062723c751e8b465ee728b)  -> (artifact id: '7013da0966631720b649d89d3347e658') in 0.018204 seconds 
========================================================================
Received Import Request.
  Time since last request: 0.000244 seconds.
  path: Assets/Scenes/practica10/Materials/Tree.mat
  artifactKey: Guid(3432238159fc96b40ae707335311888d) Importer(815301076,1909f56bfc062723c751e8b465ee728b)
Start importing Assets/Scenes/practica10/Materials/Tree.mat using Guid(3432238159fc96b40ae707335311888d) Importer(815301076,1909f56bfc062723c751e8b465ee728b)  -> (artifact id: '5f24fab1e4d238d7ed6f99b8ffc6e841') in 0.020799 seconds 
========================================================================
Received Import Request.
  Time since last request: 0.000329 seconds.
  path: Assets/Scenes/practica10/Materials/Other wall.mat
  artifactKey: Guid(c1ccc326974ce9642a2d365087b084cc) Importer(815301076,1909f56bfc062723c751e8b465ee728b)
Start importing Assets/Scenes/practica10/Materials/Other wall.mat using Guid(c1ccc326974ce9642a2d365087b084cc) Importer(815301076,1909f56bfc062723c751e8b465ee728b)  -> (artifact id: '804338257286a3f050717434894ba143') in 0.026808 seconds 
========================================================================
Received Import Request.
  Time since last request: 25.177505 seconds.
  path: Assets/Scenes/practica10/Materials/Textures/bark_willow_02_nor_gl_2k.exr
  artifactKey: Guid(434a3ebed214cc047a5a3d03020c9ebb) Importer(815301076,1909f56bfc062723c751e8b465ee728b)
Start importing Assets/Scenes/practica10/Materials/Textures/bark_willow_02_nor_gl_2k.exr using Guid(434a3ebed214cc047a5a3d03020c9ebb) Importer(815301076,1909f56bfc062723c751e8b465ee728b)  -> (artifact id: 'dbaa209db937a3f0af06ae5cef3f3f61') in 0.069832 seconds 
========================================================================
Received Import Request.
  Time since last request: 36.122023 seconds.
  path: Assets/Scenes/practica10/Materials/Textures/leaves_forest_ground_nor_gl_2k.exr
  artifactKey: Guid(822164910e581414c98e00f63471be06) Importer(815301076,1909f56bfc062723c751e8b465ee728b)
Start importing Assets/Scenes/practica10/Materials/Textures/leaves_forest_ground_nor_gl_2k.exr using Guid(822164910e581414c98e00f63471be06) Importer(815301076,1909f56bfc062723c751e8b465ee728b)  -> (artifact id: '8c0531a0ce0f62fd3c048b1dfb11f75a') in 0.081910 seconds 
========================================================================
Received Import Request.
  Time since last request: 36.171983 seconds.
  path: Assets/Scenes/practica10/Materials/Textures/castle_wall_varriation_nor_gl_2k.exr
  artifactKey: Guid(26a0079061f77054fbfb24efcaf853d7) Importer(815301076,1909f56bfc062723c751e8b465ee728b)
Start importing Assets/Scenes/practica10/Materials/Textures/castle_wall_varriation_nor_gl_2k.exr using Guid(26a0079061f77054fbfb24efcaf853d7) Importer(815301076,1909f56bfc062723c751e8b465ee728b)  -> (artifact id: '9cbb7e7bae4b77425fc66ee929011791') in 0.068759 seconds 
========================================================================
Received Import Request.
  Time since last request: 42.733392 seconds.
  path: Assets/Scenes/practica10/Materials/Textures/concrete_rock_path_nor_gl_2k.exr
  artifactKey: Guid(7fe253c3473ffe24783ce75379b15fac) Importer(815301076,1909f56bfc062723c751e8b465ee728b)
Start importing Assets/Scenes/practica10/Materials/Textures/concrete_rock_path_nor_gl_2k.exr using Guid(7fe253c3473ffe24783ce75379b15fac) Importer(815301076,1909f56bfc062723c751e8b465ee728b)  -> (artifact id: 'de143977cb7e0088f02d9e939a0b994d') in 0.069763 seconds 
========================================================================
Received Prepare
Shader 'Oculus/OVRMRCameraFrameLit': fallback shader 'Alpha-Diffuse' not found
Refreshing native plugins compatible for Editor in 15.19 ms, found 7 plugins.
Preloading 1 native plugins for Editor in 0.08 ms.
Unloading 38 Unused Serialized files (Serialized files now loaded: 0)
System memory in use before: 74.3 MB.
System memory in use after: 74.5 MB.

Unloading 38 unused Assets to reduce memory usage. Loaded Objects now: 3860.
Total: 5.666600 ms (FindLiveObjects: 0.593100 ms CreateObjectMapping: 0.175000 ms MarkObjects: 4.792000 ms  DeleteObjects: 0.104700 ms)

AssetImportParameters requested are different than current active one (requested -> active):
  custom:framework-win-MediaFoundation: 216162199b28c13a410421893ffa2e32 -> 
  custom:video-decoder-ogg-theora: a1e56fd34408186e4bbccfd4996cb3dc -> 
  custom:container-muxer-webm: aa71ff27fc2769a1b78a27578f13a17b -> 
  custom:container-demuxer-webm: 4f35f7cbe854078d1ac9338744f61a02 -> 
  custom:container-demuxer-ogg: 62fdf1f143b41e24485cea50d1cbac27 -> 
  custom:video-encoder-webm-vp8: eb34c28f22e8b96e1ab97ce403110664 -> 
  custom:video-codec-MediaFoundation-h265: 746d11721c4dcdbdad8f713fa42b33f4 -> 
  custom:video-decoder-webm-vp8: 9c59270c3fd7afecdb556c50c9e8de78 -> 
  custom:audio-decoder-ogg-vorbis: bf7c407c2cedff20999df2af8eb42d56 -> 
  custom:audio-encoder-webm-vorbis: bf7c407c2cedff20999df2af8eb42d56 -> 
AssetImportWorkerClient::OnTransportError - code=2 error=End of file
